[
  {
    "level": "INFO",
    "message": "android.ndkVersion from module build.gradle is not set"
  },
  {
    "level": "INFO",
    "message": "ndk.dir in local.properties is not set"
  },
  {
    "level": "INFO",
    "message": "ANDROID_NDK_HOME environment variable is not set"
  },
  {
    "level": "INFO",
    "message": "sdkFolder is /home/ssafy/Android/tools/sdk"
  },
  {
    "level": "INFO",
    "message": "Because no explicit NDK was requested, the default version \u002721.0.6113669\u0027 for this Android Gradle Plugin will be used"
  },
  {
    "level": "INFO",
    "message": "Considering /home/ssafy/Android/tools/sdk/ndk-bundle in SDK ndk-bundle folder"
  },
  {
    "level": "INFO",
    "message": "Considering /home/ssafy/Android/tools/sdk/ndk/21.3.6528147 in SDK ndk folder"
  },
  {
    "level": "INFO",
    "message": "Rejected /home/ssafy/Android/tools/sdk/ndk/21.3.6528147 in SDK ndk folder because that NDK had version 21.3.6528147 which didn\u0027t match the requested version 21.0.6113669"
  },
  {
    "level": "INFO",
    "message": "Rejected /home/ssafy/Android/tools/sdk/ndk-bundle in SDK ndk-bundle folder because that NDK had version 21.3.6528147 which didn\u0027t match the requested version 21.0.6113669"
  },
  {
    "level": "ERROR",
    "message": "No version of NDK matched the requested version 21.0.6113669. Versions available locally: 21.3.6528147, 21.3.6528147"
  }
]