[
  {
    "level": "INFO",
    "message": "android.ndkVersion from module build.gradle is not set"
  },
  {
    "level": "INFO",
    "message": "ndk.dir in local.properties is /home/ssafy/Android/tools/sdk/ndk/21.3.6528147"
  },
  {
    "level": "INFO",
    "message": "ANDROID_NDK_HOME environment variable is not set"
  },
  {
    "level": "INFO",
    "message": "sdkFolder is /home/ssafy/Android/tools/sdk"
  },
  {
    "level": "INFO",
    "message": "Considering /home/ssafy/Android/tools/sdk/ndk/21.3.6528147 by ndk.dir"
  },
  {
    "level": "INFO",
    "message": "Considering /home/ssafy/Android/tools/sdk/ndk-bundle in SDK ndk-bundle folder"
  },
  {
    "level": "INFO",
    "message": "Considering /home/ssafy/Android/tools/sdk/ndk/21.3.6528147 in SDK ndk folder"
  },
  {
    "level": "INFO",
    "message": "Found requested ndk.dir (/home/ssafy/Android/tools/sdk/ndk/21.3.6528147) which has version 21.3.6528147"
  }
]